d:\junfiles\iprofiler\mixedmodeprofiler_src\mixedmodeprofiler_src\diagprofiler\diagprofiler\debug\vc143.pdb
d:\junfiles\iprofiler\mixedmodeprofiler_src\mixedmodeprofiler_src\diagprofiler\diagprofiler\debug\vc143.idb
d:\junfiles\iprofiler\mixedmodeprofiler_src\mixedmodeprofiler_src\diagprofiler\diagprofiler\debug\profilercommandserver.obj
d:\junfiles\iprofiler\mixedmodeprofiler_src\mixedmodeprofiler_src\diagprofiler\diagprofiler\debug\profilercommand.obj
d:\junfiles\iprofiler\mixedmodeprofiler_src\mixedmodeprofiler_src\diagprofiler\diagprofiler\debug\pipeserverasync.obj
d:\junfiles\iprofiler\mixedmodeprofiler_src\mixedmodeprofiler_src\diagprofiler\diagprofiler\debug\nativestackwalker.obj
d:\junfiles\iprofiler\mixedmodeprofiler_src\mixedmodeprofiler_src\diagprofiler\diagprofiler\debug\diagglobals.obj
d:\junfiles\iprofiler\mixedmodeprofiler_src\mixedmodeprofiler_src\diagprofiler\diagprofiler\debug\filelogger.obj
d:\junfiles\iprofiler\mixedmodeprofiler_src\mixedmodeprofiler_src\diagprofiler\diagprofiler\debug\exports.obj
d:\junfiles\iprofiler\mixedmodeprofiler_src\mixedmodeprofiler_src\diagprofiler\diagprofiler\debug\diagprofilerserver.obj
d:\junfiles\iprofiler\mixedmodeprofiler_src\mixedmodeprofiler_src\diagprofiler\diagprofiler\debug\diagprofilerfactory.obj
d:\junfiles\iprofiler\mixedmodeprofiler_src\mixedmodeprofiler_src\diagprofiler\diagprofiler\debug\diagprofiler.obj
d:\junfiles\iprofiler\mixedmodeprofiler_src\mixedmodeprofiler_src\diagprofiler\diagprofiler\debug\diaginit.obj
d:\junfiles\iprofiler\mixedmodeprofiler_src\mixedmodeprofiler_src\diagprofiler\diagprofiler\debug\callstacksampler.obj
d:\junfiles\iprofiler\mixedmodeprofiler_src\mixedmodeprofiler_src\diagprofiler\diagprofiler\debug\idiagprofiler_i.obj
d:\junfiles\iprofiler\mixedmodeprofiler_src\mixedmodeprofiler_src\diagprofiler\diagprofiler\debug\diagprofiler.tlb
d:\junfiles\iprofiler\mixedmodeprofiler_src\mixedmodeprofiler_src\diagprofiler\diagprofiler\idiagprofiler_p.c
d:\junfiles\iprofiler\mixedmodeprofiler_src\mixedmodeprofiler_src\diagprofiler\diagprofiler\idiagprofiler_i.c
d:\junfiles\iprofiler\mixedmodeprofiler_src\mixedmodeprofiler_src\diagprofiler\diagprofiler\idiagprofiler_h.h
d:\junfiles\iprofiler\mixedmodeprofiler_src\mixedmodeprofiler_src\diagprofiler\diagprofiler\debug\diagprofiler.res
d:\junfiles\iprofiler\mixedmodeprofiler_src\mixedmodeprofiler_src\diagprofiler\debug\diagprofiler.pdb
d:\junfiles\iprofiler\mixedmodeprofiler_src\mixedmodeprofiler_src\diagprofiler\debug\diagprofiler.dll
d:\junfiles\iprofiler\mixedmodeprofiler_src\mixedmodeprofiler_src\diagprofiler\diagprofiler\debug\diagprofiler.tlog\cl.command.1.tlog
d:\junfiles\iprofiler\mixedmodeprofiler_src\mixedmodeprofiler_src\diagprofiler\diagprofiler\debug\diagprofiler.tlog\cl.read.1.tlog
d:\junfiles\iprofiler\mixedmodeprofiler_src\mixedmodeprofiler_src\diagprofiler\diagprofiler\debug\diagprofiler.tlog\cl.write.1.tlog
d:\junfiles\iprofiler\mixedmodeprofiler_src\mixedmodeprofiler_src\diagprofiler\diagprofiler\debug\diagprofiler.tlog\link.command.1.tlog
d:\junfiles\iprofiler\mixedmodeprofiler_src\mixedmodeprofiler_src\diagprofiler\diagprofiler\debug\diagprofiler.tlog\link.read.1.tlog
d:\junfiles\iprofiler\mixedmodeprofiler_src\mixedmodeprofiler_src\diagprofiler\diagprofiler\debug\diagprofiler.tlog\link.write.1.tlog
d:\junfiles\iprofiler\mixedmodeprofiler_src\mixedmodeprofiler_src\diagprofiler\diagprofiler\debug\diagprofiler.tlog\midl.command.1.tlog
d:\junfiles\iprofiler\mixedmodeprofiler_src\mixedmodeprofiler_src\diagprofiler\diagprofiler\debug\diagprofiler.tlog\midl.read.1.tlog
d:\junfiles\iprofiler\mixedmodeprofiler_src\mixedmodeprofiler_src\diagprofiler\diagprofiler\debug\diagprofiler.tlog\midl.write.1.tlog
d:\junfiles\iprofiler\mixedmodeprofiler_src\mixedmodeprofiler_src\diagprofiler\diagprofiler\debug\diagprofiler.tlog\rc.command.1.tlog
d:\junfiles\iprofiler\mixedmodeprofiler_src\mixedmodeprofiler_src\diagprofiler\diagprofiler\debug\diagprofiler.tlog\rc.read.1.tlog
d:\junfiles\iprofiler\mixedmodeprofiler_src\mixedmodeprofiler_src\diagprofiler\diagprofiler\debug\diagprofiler.tlog\rc.write.1.tlog
