d:\junfiles\iprofiler\mixedmodeprofiler_src\mixedmodeprofiler_src\diagprofiler\diagprofilerclient\debug\diagprofilerclient.pch
d:\junfiles\iprofiler\mixedmodeprofiler_src\mixedmodeprofiler_src\diagprofiler\diagprofilerclient\debug\vc143.pdb
d:\junfiles\iprofiler\mixedmodeprofiler_src\mixedmodeprofiler_src\diagprofiler\diagprofilerclient\debug\stdafx.obj
d:\junfiles\iprofiler\mixedmodeprofiler_src\mixedmodeprofiler_src\diagprofiler\diagprofilerclient\debug\profilercommandclient.obj
d:\junfiles\iprofiler\mixedmodeprofiler_src\mixedmodeprofiler_src\diagprofiler\diagprofilerclient\debug\profileclrapp.obj
d:\junfiles\iprofiler\mixedmodeprofiler_src\mixedmodeprofiler_src\diagprofiler\diagprofilerclient\debug\diagprofilerclient.obj
d:\junfiles\iprofiler\mixedmodeprofiler_src\mixedmodeprofiler_src\diagprofiler\diagprofilerclient\debug\clrhelper.obj
d:\junfiles\iprofiler\mixedmodeprofiler_src\mixedmodeprofiler_src\diagprofiler\diagprofilerclient\debug\assemblyinfo.obj
d:\junfiles\iprofiler\mixedmodeprofiler_src\mixedmodeprofiler_src\diagprofiler\diagprofilerclient\debug\.netframework,version=v4.7.2.assemblyattributes.obj
d:\junfiles\iprofiler\mixedmodeprofiler_src\mixedmodeprofiler_src\diagprofiler\diagprofilerclient\debug\profilerstarter.obj
d:\junfiles\iprofiler\mixedmodeprofiler_src\mixedmodeprofiler_src\diagprofiler\debug\diagprofilerclient.dll
d:\junfiles\iprofiler\mixedmodeprofiler_src\mixedmodeprofiler_src\diagprofiler\debug\diagprofilerclient.pdb
d:\junfiles\iprofiler\mixedmodeprofiler_src\mixedmodeprofiler_src\diagprofiler\diagprofilerclient\debug\app.res
d:\junfiles\iprofiler\mixedmodeprofiler_src\mixedmodeprofiler_src\diagprofiler\diagprofilerclient\debug\diagprof.d2a48991.tlog\cl.command.1.tlog
d:\junfiles\iprofiler\mixedmodeprofiler_src\mixedmodeprofiler_src\diagprofiler\diagprofilerclient\debug\diagprof.d2a48991.tlog\cl.read.1.tlog
d:\junfiles\iprofiler\mixedmodeprofiler_src\mixedmodeprofiler_src\diagprofiler\diagprofilerclient\debug\diagprof.d2a48991.tlog\cl.write.1.tlog
d:\junfiles\iprofiler\mixedmodeprofiler_src\mixedmodeprofiler_src\diagprofiler\diagprofilerclient\debug\diagprof.d2a48991.tlog\link.command.1.tlog
d:\junfiles\iprofiler\mixedmodeprofiler_src\mixedmodeprofiler_src\diagprofiler\diagprofilerclient\debug\diagprof.d2a48991.tlog\link.read.1.tlog
d:\junfiles\iprofiler\mixedmodeprofiler_src\mixedmodeprofiler_src\diagprofiler\diagprofilerclient\debug\diagprof.d2a48991.tlog\link.write.1.tlog
d:\junfiles\iprofiler\mixedmodeprofiler_src\mixedmodeprofiler_src\diagprofiler\diagprofilerclient\debug\diagprof.d2a48991.tlog\metagen.read.1.tlog
d:\junfiles\iprofiler\mixedmodeprofiler_src\mixedmodeprofiler_src\diagprofiler\diagprofilerclient\debug\diagprof.d2a48991.tlog\metagen.write.1.tlog
d:\junfiles\iprofiler\mixedmodeprofiler_src\mixedmodeprofiler_src\diagprofiler\diagprofilerclient\debug\diagprof.d2a48991.tlog\rc.command.1.tlog
d:\junfiles\iprofiler\mixedmodeprofiler_src\mixedmodeprofiler_src\diagprofiler\diagprofilerclient\debug\diagprof.d2a48991.tlog\rc.read.1.tlog
d:\junfiles\iprofiler\mixedmodeprofiler_src\mixedmodeprofiler_src\diagprofiler\diagprofilerclient\debug\diagprof.d2a48991.tlog\rc.write.1.tlog
